{"/home/nayandra/Desktop/React/Codepolitan/pzn-restfull/src/application/database.js": {"path":"/home/nayandra/Desktop/React/Codepolitan/pzn-restfull/src/application/database.js","statementMap":{"0":{"start":{"line":4,"column":28},"end":{"line":23,"column":2}},"1":{"start":{"line":25,"column":0},"end":{"line":27,"column":3}},"2":{"start":{"line":26,"column":2},"end":{"line":26,"column":18}},"3":{"start":{"line":29,"column":0},"end":{"line":31,"column":3}},"4":{"start":{"line":30,"column":2},"end":{"line":30,"column":17}},"5":{"start":{"line":33,"column":0},"end":{"line":35,"column":3}},"6":{"start":{"line":34,"column":2},"end":{"line":34,"column":18}},"7":{"start":{"line":37,"column":0},"end":{"line":39,"column":3}},"8":{"start":{"line":38,"column":2},"end":{"line":38,"column":17}}},"fnMap":{"0":{"name":"(anonymous_0)","decl":{"start":{"line":25,"column":26},"end":{"line":25,"column":27}},"loc":{"start":{"line":25,"column":33},"end":{"line":27,"column":1}},"line":25},"1":{"name":"(anonymous_1)","decl":{"start":{"line":29,"column":25},"end":{"line":29,"column":26}},"loc":{"start":{"line":29,"column":32},"end":{"line":31,"column":1}},"line":29},"2":{"name":"(anonymous_2)","decl":{"start":{"line":33,"column":26},"end":{"line":33,"column":27}},"loc":{"start":{"line":33,"column":33},"end":{"line":35,"column":1}},"line":33},"3":{"name":"(anonymous_3)","decl":{"start":{"line":37,"column":25},"end":{"line":37,"column":26}},"loc":{"start":{"line":37,"column":32},"end":{"line":39,"column":1}},"line":37}},"branchMap":{},"s":{"0":2,"1":2,"2":0,"3":2,"4":2,"5":2,"6":399,"7":2,"8":0},"f":{"0":0,"1":2,"2":399,"3":0},"b":{},"_coverageSchema":"1a1c01bbd47fc00a2c39e90264f33305004495a9","hash":"fdee7ffc746b2ee4112147da39b333b20b2c0a67"}
,"/home/nayandra/Desktop/React/Codepolitan/pzn-restfull/src/application/logging.js": {"path":"/home/nayandra/Desktop/React/Codepolitan/pzn-restfull/src/application/logging.js","statementMap":{"0":{"start":{"line":3,"column":22},"end":{"line":9,"column":2}}},"fnMap":{},"branchMap":{},"s":{"0":2},"f":{},"b":{},"_coverageSchema":"1a1c01bbd47fc00a2c39e90264f33305004495a9","hash":"ff851f71a175ae04eacee1108169e66d01ea3d35"}
,"/home/nayandra/Desktop/React/Codepolitan/pzn-restfull/src/application/web.js": {"path":"/home/nayandra/Desktop/React/Codepolitan/pzn-restfull/src/application/web.js","statementMap":{"0":{"start":{"line":6,"column":19},"end":{"line":6,"column":28}},"1":{"start":{"line":7,"column":0},"end":{"line":7,"column":24}},"2":{"start":{"line":9,"column":0},"end":{"line":9,"column":22}},"3":{"start":{"line":10,"column":0},"end":{"line":10,"column":20}},"4":{"start":{"line":12,"column":0},"end":{"line":12,"column":25}}},"fnMap":{},"branchMap":{},"s":{"0":2,"1":2,"2":2,"3":2,"4":2},"f":{},"b":{},"_coverageSchema":"1a1c01bbd47fc00a2c39e90264f33305004495a9","hash":"3a810362a728645ba874e96cae0c4d4efca11116"}
,"/home/nayandra/Desktop/React/Codepolitan/pzn-restfull/src/controller/contact-controller.js": {"path":"/home/nayandra/Desktop/React/Codepolitan/pzn-restfull/src/controller/contact-controller.js","statementMap":{"0":{"start":{"line":3,"column":15},"end":{"line":12,"column":1}},"1":{"start":{"line":4,"column":2},"end":{"line":11,"column":3}},"2":{"start":{"line":5,"column":19},"end":{"line":5,"column":75}},"3":{"start":{"line":6,"column":4},"end":{"line":8,"column":7}},"4":{"start":{"line":10,"column":4},"end":{"line":10,"column":12}},"5":{"start":{"line":14,"column":12},"end":{"line":23,"column":1}},"6":{"start":{"line":15,"column":2},"end":{"line":22,"column":3}},"7":{"start":{"line":16,"column":19},"end":{"line":16,"column":77}},"8":{"start":{"line":17,"column":4},"end":{"line":19,"column":7}},"9":{"start":{"line":21,"column":4},"end":{"line":21,"column":12}},"10":{"start":{"line":25,"column":15},"end":{"line":35,"column":1}},"11":{"start":{"line":26,"column":2},"end":{"line":34,"column":3}},"12":{"start":{"line":27,"column":4},"end":{"line":27,"column":32}},"13":{"start":{"line":28,"column":19},"end":{"line":28,"column":75}},"14":{"start":{"line":29,"column":4},"end":{"line":31,"column":7}},"15":{"start":{"line":33,"column":4},"end":{"line":33,"column":12}}},"fnMap":{"0":{"name":"(anonymous_0)","decl":{"start":{"line":3,"column":15},"end":{"line":3,"column":16}},"loc":{"start":{"line":3,"column":41},"end":{"line":12,"column":1}},"line":3},"1":{"name":"(anonymous_1)","decl":{"start":{"line":14,"column":12},"end":{"line":14,"column":13}},"loc":{"start":{"line":14,"column":38},"end":{"line":23,"column":1}},"line":14},"2":{"name":"(anonymous_2)","decl":{"start":{"line":25,"column":15},"end":{"line":25,"column":16}},"loc":{"start":{"line":25,"column":41},"end":{"line":35,"column":1}},"line":25}},"branchMap":{},"s":{"0":2,"1":3,"2":3,"3":2,"4":1,"5":2,"6":4,"7":4,"8":1,"9":3,"10":2,"11":3,"12":3,"13":3,"14":1,"15":2},"f":{"0":3,"1":4,"2":3},"b":{},"_coverageSchema":"1a1c01bbd47fc00a2c39e90264f33305004495a9","hash":"fe7403fdfc18c208f8b1727acbee491885be370e"}
,"/home/nayandra/Desktop/React/Codepolitan/pzn-restfull/src/controller/user-controller.js": {"path":"/home/nayandra/Desktop/React/Codepolitan/pzn-restfull/src/controller/user-controller.js","statementMap":{"0":{"start":{"line":3,"column":17},"end":{"line":12,"column":1}},"1":{"start":{"line":4,"column":2},"end":{"line":11,"column":3}},"2":{"start":{"line":5,"column":19},"end":{"line":5,"column":55}},"3":{"start":{"line":6,"column":4},"end":{"line":8,"column":7}},"4":{"start":{"line":10,"column":4},"end":{"line":10,"column":12}},"5":{"start":{"line":14,"column":14},"end":{"line":23,"column":1}},"6":{"start":{"line":15,"column":2},"end":{"line":22,"column":3}},"7":{"start":{"line":16,"column":19},"end":{"line":16,"column":52}},"8":{"start":{"line":17,"column":4},"end":{"line":19,"column":7}},"9":{"start":{"line":21,"column":4},"end":{"line":21,"column":12}},"10":{"start":{"line":25,"column":12},"end":{"line":34,"column":1}},"11":{"start":{"line":26,"column":2},"end":{"line":33,"column":3}},"12":{"start":{"line":27,"column":17},"end":{"line":27,"column":57}},"13":{"start":{"line":28,"column":4},"end":{"line":30,"column":7}},"14":{"start":{"line":32,"column":4},"end":{"line":32,"column":12}},"15":{"start":{"line":36,"column":15},"end":{"line":49,"column":1}},"16":{"start":{"line":37,"column":2},"end":{"line":48,"column":3}},"17":{"start":{"line":38,"column":21},"end":{"line":38,"column":38}},"18":{"start":{"line":39,"column":20},"end":{"line":39,"column":28}},"19":{"start":{"line":40,"column":4},"end":{"line":40,"column":32}},"20":{"start":{"line":42,"column":19},"end":{"line":42,"column":52}},"21":{"start":{"line":43,"column":4},"end":{"line":45,"column":7}},"22":{"start":{"line":47,"column":4},"end":{"line":47,"column":12}},"23":{"start":{"line":51,"column":15},"end":{"line":60,"column":1}},"24":{"start":{"line":52,"column":2},"end":{"line":59,"column":3}},"25":{"start":{"line":53,"column":4},"end":{"line":53,"column":48}},"26":{"start":{"line":54,"column":4},"end":{"line":56,"column":7}},"27":{"start":{"line":58,"column":4},"end":{"line":58,"column":12}}},"fnMap":{"0":{"name":"(anonymous_0)","decl":{"start":{"line":3,"column":17},"end":{"line":3,"column":18}},"loc":{"start":{"line":3,"column":43},"end":{"line":12,"column":1}},"line":3},"1":{"name":"(anonymous_1)","decl":{"start":{"line":14,"column":14},"end":{"line":14,"column":15}},"loc":{"start":{"line":14,"column":40},"end":{"line":23,"column":1}},"line":14},"2":{"name":"(anonymous_2)","decl":{"start":{"line":25,"column":12},"end":{"line":25,"column":13}},"loc":{"start":{"line":25,"column":38},"end":{"line":34,"column":1}},"line":25},"3":{"name":"(anonymous_3)","decl":{"start":{"line":36,"column":15},"end":{"line":36,"column":16}},"loc":{"start":{"line":36,"column":41},"end":{"line":49,"column":1}},"line":36},"4":{"name":"(anonymous_4)","decl":{"start":{"line":51,"column":15},"end":{"line":51,"column":16}},"loc":{"start":{"line":51,"column":41},"end":{"line":60,"column":1}},"line":51}},"branchMap":{},"s":{"0":2,"1":4,"2":4,"3":2,"4":2,"5":2,"6":4,"7":4,"8":1,"9":3,"10":2,"11":1,"12":1,"13":1,"14":0,"15":2,"16":4,"17":4,"18":4,"19":4,"20":4,"21":3,"22":1,"23":2,"24":1,"25":1,"26":1,"27":0},"f":{"0":4,"1":4,"2":1,"3":4,"4":1},"b":{},"_coverageSchema":"1a1c01bbd47fc00a2c39e90264f33305004495a9","hash":"d47af1a2162260a8df9d0a879a9ae8c0b65b357e"}
,"/home/nayandra/Desktop/React/Codepolitan/pzn-restfull/src/error/response-error.js": {"path":"/home/nayandra/Desktop/React/Codepolitan/pzn-restfull/src/error/response-error.js","statementMap":{"0":{"start":{"line":3,"column":4},"end":{"line":3,"column":18}},"1":{"start":{"line":4,"column":4},"end":{"line":4,"column":24}}},"fnMap":{"0":{"name":"(anonymous_0)","decl":{"start":{"line":2,"column":2},"end":{"line":2,"column":3}},"loc":{"start":{"line":2,"column":30},"end":{"line":5,"column":3}},"line":2}},"branchMap":{},"s":{"0":12,"1":12},"f":{"0":12},"b":{},"_coverageSchema":"1a1c01bbd47fc00a2c39e90264f33305004495a9","hash":"dc13f03d892d738b55f031ef2ec4e56e1bc95a44"}
,"/home/nayandra/Desktop/React/Codepolitan/pzn-restfull/src/middleware/auth-middleware.js": {"path":"/home/nayandra/Desktop/React/Codepolitan/pzn-restfull/src/middleware/auth-middleware.js","statementMap":{"0":{"start":{"line":3,"column":30},"end":{"line":28,"column":1}},"1":{"start":{"line":4,"column":16},"end":{"line":4,"column":40}},"2":{"start":{"line":5,"column":2},"end":{"line":27,"column":3}},"3":{"start":{"line":6,"column":4},"end":{"line":11,"column":13}},"4":{"start":{"line":13,"column":17},"end":{"line":17,"column":6}},"5":{"start":{"line":19,"column":4},"end":{"line":26,"column":5}},"6":{"start":{"line":20,"column":6},"end":{"line":22,"column":9}},"7":{"start":{"line":24,"column":6},"end":{"line":24,"column":22}},"8":{"start":{"line":25,"column":6},"end":{"line":25,"column":13}}},"fnMap":{"0":{"name":"(anonymous_0)","decl":{"start":{"line":3,"column":30},"end":{"line":3,"column":31}},"loc":{"start":{"line":3,"column":56},"end":{"line":28,"column":1}},"line":3}},"branchMap":{"0":{"loc":{"start":{"line":5,"column":2},"end":{"line":27,"column":3}},"type":"if","locations":[{"start":{"line":5,"column":2},"end":{"line":27,"column":3}},{"start":{"line":12,"column":9},"end":{"line":27,"column":3}}],"line":5},"1":{"loc":{"start":{"line":19,"column":4},"end":{"line":26,"column":5}},"type":"if","locations":[{"start":{"line":19,"column":4},"end":{"line":26,"column":5}},{"start":{"line":23,"column":11},"end":{"line":26,"column":5}}],"line":19}},"s":{"0":2,"1":20,"2":20,"3":0,"4":20,"5":20,"6":4,"7":16,"8":16},"f":{"0":20},"b":{"0":[0,20],"1":[4,16]},"_coverageSchema":"1a1c01bbd47fc00a2c39e90264f33305004495a9","hash":"373072f9f1234a45546233b915974429b62f4e5c"}
,"/home/nayandra/Desktop/React/Codepolitan/pzn-restfull/src/middleware/error-middleware.js": {"path":"/home/nayandra/Desktop/React/Codepolitan/pzn-restfull/src/middleware/error-middleware.js","statementMap":{"0":{"start":{"line":3,"column":24},"end":{"line":24,"column":1}},"1":{"start":{"line":4,"column":2},"end":{"line":7,"column":3}},"2":{"start":{"line":5,"column":4},"end":{"line":5,"column":11}},"3":{"start":{"line":6,"column":4},"end":{"line":6,"column":11}},"4":{"start":{"line":9,"column":2},"end":{"line":23,"column":3}},"5":{"start":{"line":10,"column":4},"end":{"line":15,"column":13}},"6":{"start":{"line":17,"column":4},"end":{"line":22,"column":13}}},"fnMap":{"0":{"name":"(anonymous_0)","decl":{"start":{"line":3,"column":24},"end":{"line":3,"column":25}},"loc":{"start":{"line":3,"column":49},"end":{"line":24,"column":1}},"line":3}},"branchMap":{"0":{"loc":{"start":{"line":4,"column":2},"end":{"line":7,"column":3}},"type":"if","locations":[{"start":{"line":4,"column":2},"end":{"line":7,"column":3}},{"start":{},"end":{}}],"line":4},"1":{"loc":{"start":{"line":9,"column":2},"end":{"line":23,"column":3}},"type":"if","locations":[{"start":{"line":9,"column":2},"end":{"line":23,"column":3}},{"start":{"line":16,"column":9},"end":{"line":23,"column":3}}],"line":9}},"s":{"0":2,"1":12,"2":0,"3":0,"4":12,"5":12,"6":0},"f":{"0":12},"b":{"0":[0,12],"1":[12,0]},"_coverageSchema":"1a1c01bbd47fc00a2c39e90264f33305004495a9","hash":"4c19623519add06c20fa45b781d593bee675b4a6"}
,"/home/nayandra/Desktop/React/Codepolitan/pzn-restfull/src/routes/api.js": {"path":"/home/nayandra/Desktop/React/Codepolitan/pzn-restfull/src/routes/api.js","statementMap":{"0":{"start":{"line":6,"column":19},"end":{"line":6,"column":39}},"1":{"start":{"line":7,"column":0},"end":{"line":7,"column":31}},"2":{"start":{"line":10,"column":0},"end":{"line":10,"column":57}},"3":{"start":{"line":11,"column":0},"end":{"line":11,"column":62}},"4":{"start":{"line":12,"column":0},"end":{"line":12,"column":62}},"5":{"start":{"line":15,"column":0},"end":{"line":15,"column":59}},"6":{"start":{"line":16,"column":0},"end":{"line":16,"column":59}},"7":{"start":{"line":17,"column":0},"end":{"line":17,"column":62}}},"fnMap":{},"branchMap":{},"s":{"0":2,"1":2,"2":2,"3":2,"4":2,"5":2,"6":2,"7":2},"f":{},"b":{},"_coverageSchema":"1a1c01bbd47fc00a2c39e90264f33305004495a9","hash":"b86cc6b3abe0e8395fbc750d0b9d78fcc1550f13"}
,"/home/nayandra/Desktop/React/Codepolitan/pzn-restfull/src/routes/public-api.js": {"path":"/home/nayandra/Desktop/React/Codepolitan/pzn-restfull/src/routes/public-api.js","statementMap":{"0":{"start":{"line":4,"column":21},"end":{"line":4,"column":41}},"1":{"start":{"line":5,"column":0},"end":{"line":5,"column":57}},"2":{"start":{"line":6,"column":0},"end":{"line":6,"column":60}}},"fnMap":{},"branchMap":{},"s":{"0":2,"1":2,"2":2},"f":{},"b":{},"_coverageSchema":"1a1c01bbd47fc00a2c39e90264f33305004495a9","hash":"4950458f1b866f86b4862e0e67bff6db8b284f96"}
,"/home/nayandra/Desktop/React/Codepolitan/pzn-restfull/src/service/contact-service.js": {"path":"/home/nayandra/Desktop/React/Codepolitan/pzn-restfull/src/service/contact-service.js","statementMap":{"0":{"start":{"line":11,"column":15},"end":{"line":25,"column":1}},"1":{"start":{"line":12,"column":2},"end":{"line":12,"column":55}},"2":{"start":{"line":13,"column":2},"end":{"line":13,"column":30}},"3":{"start":{"line":15,"column":2},"end":{"line":24,"column":5}},"4":{"start":{"line":27,"column":12},"end":{"line":49,"column":1}},"5":{"start":{"line":28,"column":2},"end":{"line":28,"column":42}},"6":{"start":{"line":30,"column":18},"end":{"line":42,"column":4}},"7":{"start":{"line":44,"column":2},"end":{"line":46,"column":3}},"8":{"start":{"line":45,"column":4},"end":{"line":45,"column":54}},"9":{"start":{"line":48,"column":2},"end":{"line":48,"column":17}},"10":{"start":{"line":51,"column":15},"end":{"line":83,"column":1}},"11":{"start":{"line":52,"column":2},"end":{"line":52,"column":55}},"12":{"start":{"line":54,"column":16},"end":{"line":59,"column":4}},"13":{"start":{"line":61,"column":2},"end":{"line":63,"column":3}},"14":{"start":{"line":62,"column":4},"end":{"line":62,"column":54}},"15":{"start":{"line":65,"column":2},"end":{"line":82,"column":5}}},"fnMap":{"0":{"name":"(anonymous_0)","decl":{"start":{"line":11,"column":15},"end":{"line":11,"column":16}},"loc":{"start":{"line":11,"column":44},"end":{"line":25,"column":1}},"line":11},"1":{"name":"(anonymous_1)","decl":{"start":{"line":27,"column":12},"end":{"line":27,"column":13}},"loc":{"start":{"line":27,"column":36},"end":{"line":49,"column":1}},"line":27},"2":{"name":"(anonymous_2)","decl":{"start":{"line":51,"column":15},"end":{"line":51,"column":16}},"loc":{"start":{"line":51,"column":44},"end":{"line":83,"column":1}},"line":51}},"branchMap":{"0":{"loc":{"start":{"line":44,"column":2},"end":{"line":46,"column":3}},"type":"if","locations":[{"start":{"line":44,"column":2},"end":{"line":46,"column":3}},{"start":{},"end":{}}],"line":44},"1":{"loc":{"start":{"line":61,"column":2},"end":{"line":63,"column":3}},"type":"if","locations":[{"start":{"line":61,"column":2},"end":{"line":63,"column":3}},{"start":{},"end":{}}],"line":61}},"s":{"0":2,"1":3,"2":2,"3":2,"4":2,"5":4,"6":2,"7":2,"8":1,"9":1,"10":2,"11":3,"12":2,"13":2,"14":1,"15":1},"f":{"0":3,"1":4,"2":3},"b":{"0":[1,1],"1":[1,1]},"_coverageSchema":"1a1c01bbd47fc00a2c39e90264f33305004495a9","hash":"24149fe3bc0d1437f9d65a8da9bf432d0a83eb24"}
,"/home/nayandra/Desktop/React/Codepolitan/pzn-restfull/src/service/user-service.js": {"path":"/home/nayandra/Desktop/React/Codepolitan/pzn-restfull/src/service/user-service.js","statementMap":{"0":{"start":{"line":13,"column":17},"end":{"line":35,"column":1}},"1":{"start":{"line":14,"column":15},"end":{"line":14,"column":56}},"2":{"start":{"line":16,"column":16},"end":{"line":20,"column":4}},"3":{"start":{"line":22,"column":2},"end":{"line":24,"column":3}},"4":{"start":{"line":23,"column":4},"end":{"line":23,"column":59}},"5":{"start":{"line":26,"column":2},"end":{"line":26,"column":55}},"6":{"start":{"line":28,"column":2},"end":{"line":34,"column":5}},"7":{"start":{"line":37,"column":14},"end":{"line":70,"column":1}},"8":{"start":{"line":38,"column":16},"end":{"line":38,"column":54}},"9":{"start":{"line":40,"column":15},"end":{"line":48,"column":4}},"10":{"start":{"line":50,"column":2},"end":{"line":52,"column":3}},"11":{"start":{"line":51,"column":4},"end":{"line":51,"column":65}},"12":{"start":{"line":53,"column":22},"end":{"line":53,"column":73}},"13":{"start":{"line":54,"column":2},"end":{"line":56,"column":3}},"14":{"start":{"line":55,"column":4},"end":{"line":55,"column":65}},"15":{"start":{"line":58,"column":16},"end":{"line":58,"column":33}},"16":{"start":{"line":59,"column":2},"end":{"line":69,"column":5}},"17":{"start":{"line":72,"column":12},"end":{"line":90,"column":1}},"18":{"start":{"line":73,"column":2},"end":{"line":73,"column":51}},"19":{"start":{"line":75,"column":15},"end":{"line":83,"column":4}},"20":{"start":{"line":85,"column":2},"end":{"line":87,"column":3}},"21":{"start":{"line":86,"column":4},"end":{"line":86,"column":54}},"22":{"start":{"line":89,"column":2},"end":{"line":89,"column":14}},"23":{"start":{"line":92,"column":15},"end":{"line":127,"column":1}},"24":{"start":{"line":93,"column":15},"end":{"line":93,"column":50}},"25":{"start":{"line":95,"column":2},"end":{"line":97,"column":3}},"26":{"start":{"line":96,"column":4},"end":{"line":96,"column":48}},"27":{"start":{"line":99,"column":30},"end":{"line":103,"column":4}},"28":{"start":{"line":105,"column":2},"end":{"line":107,"column":3}},"29":{"start":{"line":106,"column":4},"end":{"line":106,"column":51}},"30":{"start":{"line":109,"column":15},"end":{"line":109,"column":17}},"31":{"start":{"line":110,"column":2},"end":{"line":112,"column":3}},"32":{"start":{"line":111,"column":4},"end":{"line":111,"column":26}},"33":{"start":{"line":113,"column":2},"end":{"line":115,"column":3}},"34":{"start":{"line":114,"column":4},"end":{"line":114,"column":57}},"35":{"start":{"line":117,"column":2},"end":{"line":126,"column":5}},"36":{"start":{"line":129,"column":15},"end":{"line":150,"column":1}},"37":{"start":{"line":130,"column":2},"end":{"line":130,"column":51}},"38":{"start":{"line":132,"column":15},"end":{"line":136,"column":4}},"39":{"start":{"line":138,"column":2},"end":{"line":140,"column":3}},"40":{"start":{"line":139,"column":4},"end":{"line":139,"column":51}},"41":{"start":{"line":142,"column":2},"end":{"line":149,"column":5}}},"fnMap":{"0":{"name":"(anonymous_0)","decl":{"start":{"line":13,"column":17},"end":{"line":13,"column":18}},"loc":{"start":{"line":13,"column":36},"end":{"line":35,"column":1}},"line":13},"1":{"name":"(anonymous_1)","decl":{"start":{"line":37,"column":14},"end":{"line":37,"column":15}},"loc":{"start":{"line":37,"column":33},"end":{"line":70,"column":1}},"line":37},"2":{"name":"(anonymous_2)","decl":{"start":{"line":72,"column":12},"end":{"line":72,"column":13}},"loc":{"start":{"line":72,"column":32},"end":{"line":90,"column":1}},"line":72},"3":{"name":"(anonymous_3)","decl":{"start":{"line":92,"column":15},"end":{"line":92,"column":16}},"loc":{"start":{"line":92,"column":30},"end":{"line":127,"column":1}},"line":92},"4":{"name":"(anonymous_4)","decl":{"start":{"line":129,"column":15},"end":{"line":129,"column":16}},"loc":{"start":{"line":129,"column":35},"end":{"line":150,"column":1}},"line":129}},"branchMap":{"0":{"loc":{"start":{"line":22,"column":2},"end":{"line":24,"column":3}},"type":"if","locations":[{"start":{"line":22,"column":2},"end":{"line":24,"column":3}},{"start":{},"end":{}}],"line":22},"1":{"loc":{"start":{"line":50,"column":2},"end":{"line":52,"column":3}},"type":"if","locations":[{"start":{"line":50,"column":2},"end":{"line":52,"column":3}},{"start":{},"end":{}}],"line":50},"2":{"loc":{"start":{"line":54,"column":2},"end":{"line":56,"column":3}},"type":"if","locations":[{"start":{"line":54,"column":2},"end":{"line":56,"column":3}},{"start":{},"end":{}}],"line":54},"3":{"loc":{"start":{"line":85,"column":2},"end":{"line":87,"column":3}},"type":"if","locations":[{"start":{"line":85,"column":2},"end":{"line":87,"column":3}},{"start":{},"end":{}}],"line":85},"4":{"loc":{"start":{"line":95,"column":2},"end":{"line":97,"column":3}},"type":"if","locations":[{"start":{"line":95,"column":2},"end":{"line":97,"column":3}},{"start":{},"end":{}}],"line":95},"5":{"loc":{"start":{"line":95,"column":6},"end":{"line":95,"column":34}},"type":"binary-expr","locations":[{"start":{"line":95,"column":6},"end":{"line":95,"column":16}},{"start":{"line":95,"column":20},"end":{"line":95,"column":34}}],"line":95},"6":{"loc":{"start":{"line":105,"column":2},"end":{"line":107,"column":3}},"type":"if","locations":[{"start":{"line":105,"column":2},"end":{"line":107,"column":3}},{"start":{},"end":{}}],"line":105},"7":{"loc":{"start":{"line":110,"column":2},"end":{"line":112,"column":3}},"type":"if","locations":[{"start":{"line":110,"column":2},"end":{"line":112,"column":3}},{"start":{},"end":{}}],"line":110},"8":{"loc":{"start":{"line":113,"column":2},"end":{"line":115,"column":3}},"type":"if","locations":[{"start":{"line":113,"column":2},"end":{"line":115,"column":3}},{"start":{},"end":{}}],"line":113},"9":{"loc":{"start":{"line":138,"column":2},"end":{"line":140,"column":3}},"type":"if","locations":[{"start":{"line":138,"column":2},"end":{"line":140,"column":3}},{"start":{},"end":{}}],"line":138}},"s":{"0":2,"1":4,"2":3,"3":3,"4":1,"5":2,"6":2,"7":2,"8":4,"9":3,"10":3,"11":1,"12":2,"13":2,"14":1,"15":1,"16":1,"17":2,"18":1,"19":1,"20":1,"21":0,"22":1,"23":2,"24":4,"25":4,"26":1,"27":3,"28":3,"29":0,"30":3,"31":3,"32":2,"33":3,"34":2,"35":3,"36":2,"37":1,"38":1,"39":1,"40":0,"41":1},"f":{"0":4,"1":4,"2":1,"3":4,"4":1},"b":{"0":[1,2],"1":[1,2],"2":[1,1],"3":[0,1],"4":[1,3],"5":[4,2],"6":[0,3],"7":[2,1],"8":[2,1],"9":[0,1]},"_coverageSchema":"1a1c01bbd47fc00a2c39e90264f33305004495a9","hash":"0263ee953c673d277f9e29dfe867ebf522633a12"}
,"/home/nayandra/Desktop/React/Codepolitan/pzn-restfull/src/validation/contactValidation.js": {"path":"/home/nayandra/Desktop/React/Codepolitan/pzn-restfull/src/validation/contactValidation.js","statementMap":{"0":{"start":{"line":3,"column":32},"end":{"line":8,"column":2}},"1":{"start":{"line":10,"column":29},"end":{"line":10,"column":63}},"2":{"start":{"line":12,"column":32},"end":{"line":18,"column":2}}},"fnMap":{},"branchMap":{},"s":{"0":2,"1":2,"2":2},"f":{},"b":{},"_coverageSchema":"1a1c01bbd47fc00a2c39e90264f33305004495a9","hash":"a2592cc149ead027edf5b92e7a6f6adc94a7a59c"}
,"/home/nayandra/Desktop/React/Codepolitan/pzn-restfull/src/validation/userValidation.js": {"path":"/home/nayandra/Desktop/React/Codepolitan/pzn-restfull/src/validation/userValidation.js","statementMap":{"0":{"start":{"line":3,"column":31},"end":{"line":7,"column":2}},"1":{"start":{"line":9,"column":28},"end":{"line":12,"column":2}},"2":{"start":{"line":14,"column":26},"end":{"line":14,"column":58}},"3":{"start":{"line":16,"column":29},"end":{"line":20,"column":2}}},"fnMap":{},"branchMap":{},"s":{"0":2,"1":2,"2":2,"3":2},"f":{},"b":{},"_coverageSchema":"1a1c01bbd47fc00a2c39e90264f33305004495a9","hash":"06749d063255350c72412b162851a1ae7597d13c"}
,"/home/nayandra/Desktop/React/Codepolitan/pzn-restfull/src/validation/validation.js": {"path":"/home/nayandra/Desktop/React/Codepolitan/pzn-restfull/src/validation/validation.js","statementMap":{"0":{"start":{"line":3,"column":17},"end":{"line":14,"column":1}},"1":{"start":{"line":4,"column":17},"end":{"line":7,"column":4}},"2":{"start":{"line":9,"column":2},"end":{"line":13,"column":3}},"3":{"start":{"line":10,"column":4},"end":{"line":10,"column":55}},"4":{"start":{"line":12,"column":4},"end":{"line":12,"column":24}}},"fnMap":{"0":{"name":"(anonymous_0)","decl":{"start":{"line":3,"column":17},"end":{"line":3,"column":18}},"loc":{"start":{"line":3,"column":38},"end":{"line":14,"column":1}},"line":3}},"branchMap":{"0":{"loc":{"start":{"line":9,"column":2},"end":{"line":13,"column":3}},"type":"if","locations":[{"start":{"line":9,"column":2},"end":{"line":13,"column":3}},{"start":{"line":11,"column":7},"end":{"line":13,"column":3}}],"line":9}},"s":{"0":2,"1":24,"2":24,"3":6,"4":18},"f":{"0":24},"b":{"0":[6,18]},"_coverageSchema":"1a1c01bbd47fc00a2c39e90264f33305004495a9","hash":"5a13ff1949b38845ff2349c28f8774b5678d09dc"}
,"/home/nayandra/Desktop/React/Codepolitan/pzn-restfull/test/test-util.js": {"path":"/home/nayandra/Desktop/React/Codepolitan/pzn-restfull/test/test-util.js","statementMap":{"0":{"start":{"line":4,"column":26},"end":{"line":10,"column":1}},"1":{"start":{"line":5,"column":2},"end":{"line":9,"column":5}},"2":{"start":{"line":12,"column":26},"end":{"line":21,"column":1}},"3":{"start":{"line":13,"column":2},"end":{"line":20,"column":5}},"4":{"start":{"line":23,"column":36},"end":{"line":29,"column":1}},"5":{"start":{"line":24,"column":2},"end":{"line":28,"column":5}},"6":{"start":{"line":31,"column":27},"end":{"line":37,"column":1}},"7":{"start":{"line":32,"column":2},"end":{"line":36,"column":5}},"8":{"start":{"line":39,"column":33},"end":{"line":49,"column":1}},"9":{"start":{"line":40,"column":2},"end":{"line":48,"column":5}},"10":{"start":{"line":51,"column":38},"end":{"line":63,"column":1}},"11":{"start":{"line":52,"column":2},"end":{"line":62,"column":3}},"12":{"start":{"line":52,"column":15},"end":{"line":52,"column":16}},"13":{"start":{"line":53,"column":4},"end":{"line":61,"column":7}},"14":{"start":{"line":65,"column":30},"end":{"line":71,"column":1}},"15":{"start":{"line":66,"column":2},"end":{"line":70,"column":5}},"16":{"start":{"line":73,"column":38},"end":{"line":81,"column":1}},"17":{"start":{"line":74,"column":2},"end":{"line":80,"column":5}},"18":{"start":{"line":83,"column":33},"end":{"line":95,"column":1}},"19":{"start":{"line":84,"column":18},"end":{"line":84,"column":40}},"20":{"start":{"line":85,"column":2},"end":{"line":94,"column":5}},"21":{"start":{"line":97,"column":30},"end":{"line":105,"column":1}},"22":{"start":{"line":98,"column":2},"end":{"line":104,"column":5}}},"fnMap":{"0":{"name":"(anonymous_0)","decl":{"start":{"line":4,"column":26},"end":{"line":4,"column":27}},"loc":{"start":{"line":4,"column":38},"end":{"line":10,"column":1}},"line":4},"1":{"name":"(anonymous_1)","decl":{"start":{"line":12,"column":26},"end":{"line":12,"column":27}},"loc":{"start":{"line":12,"column":38},"end":{"line":21,"column":1}},"line":12},"2":{"name":"(anonymous_2)","decl":{"start":{"line":23,"column":36},"end":{"line":23,"column":37}},"loc":{"start":{"line":23,"column":48},"end":{"line":29,"column":1}},"line":23},"3":{"name":"(anonymous_3)","decl":{"start":{"line":31,"column":27},"end":{"line":31,"column":28}},"loc":{"start":{"line":31,"column":39},"end":{"line":37,"column":1}},"line":31},"4":{"name":"(anonymous_4)","decl":{"start":{"line":39,"column":33},"end":{"line":39,"column":34}},"loc":{"start":{"line":39,"column":45},"end":{"line":49,"column":1}},"line":39},"5":{"name":"(anonymous_5)","decl":{"start":{"line":51,"column":38},"end":{"line":51,"column":39}},"loc":{"start":{"line":51,"column":50},"end":{"line":63,"column":1}},"line":51},"6":{"name":"(anonymous_6)","decl":{"start":{"line":65,"column":30},"end":{"line":65,"column":31}},"loc":{"start":{"line":65,"column":42},"end":{"line":71,"column":1}},"line":65},"7":{"name":"(anonymous_7)","decl":{"start":{"line":73,"column":38},"end":{"line":73,"column":39}},"loc":{"start":{"line":73,"column":50},"end":{"line":81,"column":1}},"line":73},"8":{"name":"(anonymous_8)","decl":{"start":{"line":83,"column":33},"end":{"line":83,"column":34}},"loc":{"start":{"line":83,"column":45},"end":{"line":95,"column":1}},"line":83},"9":{"name":"(anonymous_9)","decl":{"start":{"line":97,"column":30},"end":{"line":97,"column":31}},"loc":{"start":{"line":97,"column":42},"end":{"line":105,"column":1}},"line":97}},"branchMap":{},"s":{"0":2,"1":27,"2":2,"3":24,"4":2,"5":11,"6":2,"7":0,"8":2,"9":7,"10":2,"11":0,"12":0,"13":0,"14":2,"15":7,"16":2,"17":0,"18":2,"19":0,"20":0,"21":2,"22":0},"f":{"0":27,"1":24,"2":11,"3":0,"4":7,"5":0,"6":7,"7":0,"8":0,"9":0},"b":{},"_coverageSchema":"1a1c01bbd47fc00a2c39e90264f33305004495a9","hash":"f1b2ffd4ae4f7a4f6045a424dbfb040f5a6d7ad9"}
}
