TN:
SF:src/application/database.js
FN:25,(anonymous_0)
FN:29,(anonymous_1)
FN:33,(anonymous_2)
FN:37,(anonymous_3)
FNF:4
FNH:2
FNDA:0,(anonymous_0)
FNDA:2,(anonymous_1)
FNDA:399,(anonymous_2)
FNDA:0,(anonymous_3)
DA:4,2
DA:25,2
DA:26,0
DA:29,2
DA:30,2
DA:33,2
DA:34,399
DA:37,2
DA:38,0
LF:9
LH:7
BRF:0
BRH:0
end_of_record
TN:
SF:src/application/logging.js
FNF:0
FNH:0
DA:3,2
LF:1
LH:1
BRF:0
BRH:0
end_of_record
TN:
SF:src/application/web.js
FNF:0
FNH:0
DA:6,2
DA:7,2
DA:9,2
DA:10,2
DA:12,2
LF:5
LH:5
BRF:0
BRH:0
end_of_record
TN:
SF:src/controller/contact-controller.js
FN:3,(anonymous_0)
FN:14,(anonymous_1)
FN:25,(anonymous_2)
FNF:3
FNH:3
FNDA:3,(anonymous_0)
FNDA:4,(anonymous_1)
FNDA:3,(anonymous_2)
DA:3,2
DA:4,3
DA:5,3
DA:6,2
DA:10,1
DA:14,2
DA:15,4
DA:16,4
DA:17,1
DA:21,3
DA:25,2
DA:26,3
DA:27,3
DA:28,3
DA:29,1
DA:33,2
LF:16
LH:16
BRF:0
BRH:0
end_of_record
TN:
SF:src/controller/user-controller.js
FN:3,(anonymous_0)
FN:14,(anonymous_1)
FN:25,(anonymous_2)
FN:36,(anonymous_3)
FN:51,(anonymous_4)
FNF:5
FNH:5
FNDA:4,(anonymous_0)
FNDA:4,(anonymous_1)
FNDA:1,(anonymous_2)
FNDA:4,(anonymous_3)
FNDA:1,(anonymous_4)
DA:3,2
DA:4,4
DA:5,4
DA:6,2
DA:10,2
DA:14,2
DA:15,4
DA:16,4
DA:17,1
DA:21,3
DA:25,2
DA:26,1
DA:27,1
DA:28,1
DA:32,0
DA:36,2
DA:37,4
DA:38,4
DA:39,4
DA:40,4
DA:42,4
DA:43,3
DA:47,1
DA:51,2
DA:52,1
DA:53,1
DA:54,1
DA:58,0
LF:28
LH:26
BRF:0
BRH:0
end_of_record
TN:
SF:src/error/response-error.js
FN:2,(anonymous_0)
FNF:1
FNH:1
FNDA:12,(anonymous_0)
DA:3,12
DA:4,12
LF:2
LH:2
BRF:0
BRH:0
end_of_record
TN:
SF:src/middleware/auth-middleware.js
FN:3,(anonymous_0)
FNF:1
FNH:1
FNDA:20,(anonymous_0)
DA:3,2
DA:4,20
DA:5,20
DA:6,0
DA:13,20
DA:19,20
DA:20,4
DA:24,16
DA:25,16
LF:9
LH:8
BRDA:5,0,0,0
BRDA:5,0,1,20
BRDA:19,1,0,4
BRDA:19,1,1,16
BRF:4
BRH:3
end_of_record
TN:
SF:src/middleware/error-middleware.js
FN:3,(anonymous_0)
FNF:1
FNH:1
FNDA:12,(anonymous_0)
DA:3,2
DA:4,12
DA:5,0
DA:6,0
DA:9,12
DA:10,12
DA:17,0
LF:7
LH:4
BRDA:4,0,0,0
BRDA:4,0,1,12
BRDA:9,1,0,12
BRDA:9,1,1,0
BRF:4
BRH:2
end_of_record
TN:
SF:src/routes/api.js
FNF:0
FNH:0
DA:6,2
DA:7,2
DA:10,2
DA:11,2
DA:12,2
DA:15,2
DA:16,2
DA:17,2
LF:8
LH:8
BRF:0
BRH:0
end_of_record
TN:
SF:src/routes/public-api.js
FNF:0
FNH:0
DA:4,2
DA:5,2
DA:6,2
LF:3
LH:3
BRF:0
BRH:0
end_of_record
TN:
SF:src/service/contact-service.js
FN:11,(anonymous_0)
FN:27,(anonymous_1)
FN:51,(anonymous_2)
FNF:3
FNH:3
FNDA:3,(anonymous_0)
FNDA:4,(anonymous_1)
FNDA:3,(anonymous_2)
DA:11,2
DA:12,3
DA:13,2
DA:15,2
DA:27,2
DA:28,4
DA:30,2
DA:44,2
DA:45,1
DA:48,1
DA:51,2
DA:52,3
DA:54,2
DA:61,2
DA:62,1
DA:65,1
LF:16
LH:16
BRDA:44,0,0,1
BRDA:44,0,1,1
BRDA:61,1,0,1
BRDA:61,1,1,1
BRF:4
BRH:4
end_of_record
TN:
SF:src/service/user-service.js
FN:13,(anonymous_0)
FN:37,(anonymous_1)
FN:72,(anonymous_2)
FN:92,(anonymous_3)
FN:129,(anonymous_4)
FNF:5
FNH:5
FNDA:4,(anonymous_0)
FNDA:4,(anonymous_1)
FNDA:1,(anonymous_2)
FNDA:4,(anonymous_3)
FNDA:1,(anonymous_4)
DA:13,2
DA:14,4
DA:16,3
DA:22,3
DA:23,1
DA:26,2
DA:28,2
DA:37,2
DA:38,4
DA:40,3
DA:50,3
DA:51,1
DA:53,2
DA:54,2
DA:55,1
DA:58,1
DA:59,1
DA:72,2
DA:73,1
DA:75,1
DA:85,1
DA:86,0
DA:89,1
DA:92,2
DA:93,4
DA:95,4
DA:96,1
DA:99,3
DA:105,3
DA:106,0
DA:109,3
DA:110,3
DA:111,2
DA:113,3
DA:114,2
DA:117,3
DA:129,2
DA:130,1
DA:132,1
DA:138,1
DA:139,0
DA:142,1
LF:42
LH:39
BRDA:22,0,0,1
BRDA:22,0,1,2
BRDA:50,1,0,1
BRDA:50,1,1,2
BRDA:54,2,0,1
BRDA:54,2,1,1
BRDA:85,3,0,0
BRDA:85,3,1,1
BRDA:95,4,0,1
BRDA:95,4,1,3
BRDA:95,5,0,4
BRDA:95,5,1,2
BRDA:105,6,0,0
BRDA:105,6,1,3
BRDA:110,7,0,2
BRDA:110,7,1,1
BRDA:113,8,0,2
BRDA:113,8,1,1
BRDA:138,9,0,0
BRDA:138,9,1,1
BRF:20
BRH:17
end_of_record
TN:
SF:src/validation/contactValidation.js
FNF:0
FNH:0
DA:3,2
DA:10,2
DA:12,2
LF:3
LH:3
BRF:0
BRH:0
end_of_record
TN:
SF:src/validation/userValidation.js
FNF:0
FNH:0
DA:3,2
DA:9,2
DA:14,2
DA:16,2
LF:4
LH:4
BRF:0
BRH:0
end_of_record
TN:
SF:src/validation/validation.js
FN:3,(anonymous_0)
FNF:1
FNH:1
FNDA:24,(anonymous_0)
DA:3,2
DA:4,24
DA:9,24
DA:10,6
DA:12,18
LF:5
LH:5
BRDA:9,0,0,6
BRDA:9,0,1,18
BRF:2
BRH:2
end_of_record
TN:
SF:test/test-util.js
FN:4,(anonymous_0)
FN:12,(anonymous_1)
FN:23,(anonymous_2)
FN:31,(anonymous_3)
FN:39,(anonymous_4)
FN:51,(anonymous_5)
FN:65,(anonymous_6)
FN:73,(anonymous_7)
FN:83,(anonymous_8)
FN:97,(anonymous_9)
FNF:10
FNH:5
FNDA:27,(anonymous_0)
FNDA:24,(anonymous_1)
FNDA:11,(anonymous_2)
FNDA:0,(anonymous_3)
FNDA:7,(anonymous_4)
FNDA:0,(anonymous_5)
FNDA:7,(anonymous_6)
FNDA:0,(anonymous_7)
FNDA:0,(anonymous_8)
FNDA:0,(anonymous_9)
DA:4,2
DA:5,27
DA:12,2
DA:13,24
DA:23,2
DA:24,11
DA:31,2
DA:32,0
DA:39,2
DA:40,7
DA:51,2
DA:52,0
DA:53,0
DA:65,2
DA:66,7
DA:73,2
DA:74,0
DA:83,2
DA:84,0
DA:85,0
DA:97,2
DA:98,0
LF:22
LH:15
BRF:0
BRH:0
end_of_record
